<?xml version="1.0" encoding="UTF-8"?>
<testsuite xmlns:xsi="http://www.w3.org/2001/XMLSchema-instance" xsi:noNamespaceSchemaLocation="https://maven.apache.org/surefire/maven-surefire-plugin/xsd/surefire-test-report.xsd" name="org.wit.repository.UserDAOTest" time="0.059" tests="11" errors="0" skipped="0" failures="0">
  <properties>
[...]
</properties>
  <testcase name="multiple users added to table can be retrieved successfully" classname="org.wit.repository.UserDAOTest$CreateUsers" time="0.006"/>
  <testcase name="get all users over empty table returns none" classname="org.wit.repository.UserDAOTest$CreateUsers" time="0.004"/>
  <testcase name="get user by email that exists, results in correct user returned" classname="org.wit.repository.UserDAOTest$CreateUsers" time="0.004"/>
  <testcase name="get user by email that doesn&apos;t exist, results in no user returned" classname="org.wit.repository.UserDAOTest$CreateUsers" time="0.005"/>
  <testcase name="get user by id that doesn&apos;t exist, results in no user returned" classname="org.wit.repository.UserDAOTest$ReadUsers" time="0.005"/>
  <testcase name="getting all users from a populated table returns all rows" classname="org.wit.repository.UserDAOTest$ReadUsers" time="0.005"/>
  <testcase name="get user by id that exists, results in a correct user returned" classname="org.wit.repository.UserDAOTest$ReadUsers" time="0.005"/>
  <testcase name="updating existing user in table results in successful update" classname="org.wit.repository.UserDAOTest$UpdateUsers" time="0.005"/>
  <testcase name="updating non-existant user in table results in no updates" classname="org.wit.repository.UserDAOTest$UpdateUsers" time="0.005"/>
  <testcase name="deleting a non-existant user in table results in no deletion" classname="org.wit.repository.UserDAOTest$DeleteUsers" time="0.006"/>
  <testcase name="deleting an existing user in table results in record being deleted" classname="org.wit.repository.UserDAOTest$DeleteUsers" time="0.005"/>
</testsuite>